\BOOKMARK [0][-]{chapter.1}{Introdu\347\343o}{}% 1
\BOOKMARK [1][-]{section.1.1}{Introdu\347\343o ao balanceamento de carga}{chapter.1}% 2
\BOOKMARK [1][-]{section.1.2}{Objetivos e Contribui\347\365es}{chapter.1}% 3
\BOOKMARK [1][-]{section.1.3}{Organiza\347\343o da Disserta\347\343o}{chapter.1}% 4
\BOOKMARK [0][-]{chapter.2}{Conceitos Computacionais}{}% 5
\BOOKMARK [1][-]{section.2.1}{Escalonamento}{chapter.2}% 6
\BOOKMARK [2][-]{subsection.2.1.1}{Nota\347\343o dos problemas de escalonamento}{section.2.1}% 7
\BOOKMARK [2][-]{subsection.2.1.2}{Classes de Escalonamento}{section.2.1}% 8
\BOOKMARK [2][-]{subsection.2.1.3}{Classifica\347\343o dos problemas de escalonamento}{section.2.1}% 9
\BOOKMARK [2][-]{subsection.2.1.4}{Modelo de escalonamento para uma \372nica m\341quina}{section.2.1}% 10
\BOOKMARK [1][-]{section.2.2}{Balancemento de Carga}{chapter.2}% 11
\BOOKMARK [1][-]{section.2.3}{GPUs}{chapter.2}% 12
\BOOKMARK [1][-]{section.2.4}{CUDA}{chapter.2}% 13
\BOOKMARK [1][-]{section.2.5}{Suporte ao Paralelismo de Tarefas}{chapter.2}% 14
\BOOKMARK [2][-]{subsection.2.5.1}{StarPU}{section.2.5}% 15
\BOOKMARK [2][-]{subsection.2.5.2}{Charm++}{section.2.5}% 16
\BOOKMARK [2][-]{subsection.2.5.3}{Kaapi}{section.2.5}% 17
\BOOKMARK [2][-]{subsection.2.5.4}{Cilk}{section.2.5}% 18
\BOOKMARK [2][-]{subsection.2.5.5}{Intel TBB}{section.2.5}% 19
\BOOKMARK [2][-]{subsection.2.5.6}{OpenMP}{section.2.5}% 20
\BOOKMARK [2][-]{subsection.2.5.7}{Merge}{section.2.5}% 21
\BOOKMARK [0][-]{chapter.3}{Trabalhos Relacionados}{}% 22
\BOOKMARK [1][-]{section.3.1}{Introdu\347\343o}{chapter.3}% 23
\BOOKMARK [0][-]{chapter.4}{Algoritmo Proposto}{}% 24
\BOOKMARK [0][-]{chapter.5}{Implementa\347\343o}{}% 25
\BOOKMARK [1][-]{subsection.5.0.1}{StarPU}{chapter.5}% 26
\BOOKMARK [2][-]{subsection.5.0.2}{Multiplica\347\343o de Matrizes}{subsection.5.0.1}% 27
\BOOKMARK [2][-]{subsection.5.0.3}{Blackscholes}{subsection.5.0.1}% 28
\BOOKMARK [2][-]{subsection.5.0.4}{Explica\347\343o dos algoritmos}{subsection.5.0.1}% 29
\BOOKMARK [2][-]{subsection.5.0.5}{IPOPT}{subsection.5.0.1}% 30
\BOOKMARK [0][-]{chapter.6}{Resultados}{}% 31
\BOOKMARK [1][-]{section.6.1}{Resultados dos experimentos}{chapter.6}% 32
\BOOKMARK [1][-]{section.6.2}{Multiplica\347\343o de Matrizes}{chapter.6}% 33
\BOOKMARK [1][-]{section.6.3}{Blackscholes}{chapter.6}% 34
\BOOKMARK [1][-]{section.6.4}{Conclus\365es}{chapter.6}% 35
\BOOKMARK [0][-]{chapter.7}{Plano de Trabalho}{}% 36
\BOOKMARK [0][-]{chapter*.32}{Refer\352ncias Bibliogr\341ficas}{}% 37
